c:\users\harmi\disk google\vut\bit\ipa\cvičení\1\ipa_cv1_x\moveable_ball\debug\vc141.pdb
c:\users\harmi\disk google\vut\bit\ipa\cvičení\1\ipa_cv1_x\moveable_ball\debug\vc141.idb
c:\users\harmi\disk google\vut\bit\ipa\cvičení\1\ipa_cv1_x\moveable_ball\debug\stdafx.obj
c:\users\harmi\disk google\vut\bit\ipa\cvičení\1\ipa_cv1_x\moveable_ball\debug\moveable_ball.obj
c:\users\harmi\disk google\vut\bit\ipa\cvičení\1\ipa_cv1_x\debug\moveable_ball.ilk
c:\users\harmi\disk google\vut\bit\ipa\cvičení\1\ipa_cv1_x\debug\moveable_ball.exe
c:\users\harmi\disk google\vut\bit\ipa\cvičení\1\ipa_cv1_x\debug\moveable_ball.pdb
c:\users\harmi\disk google\vut\bit\ipa\cvičení\1\ipa_cv1\moveable_ball\debug\moveable_ball.obj
c:\users\harmi\disk google\vut\bit\ipa\cvičení\1\ipa_cv1\moveable_ball\debug\stdafx.obj
c:\users\harmi\disk google\vut\bit\ipa\cvičení\1\ipa_cv1\moveable_ball\debug\vc141.idb
c:\users\harmi\disk google\vut\bit\ipa\cvičení\1\ipa_cv1\moveable_ball\debug\vc141.pdb
c:\users\harmi\disk google\vut\bit\ipa\cvičení\1\ipa_cv1\debug\moveable_ball.pdb
c:\users\harmi\disk google\vut\bit\ipa\cvičení\1\ipa_cv1\debug\moveable_ball.exe
c:\users\harmi\disk google\vut\bit\ipa\cvičení\1\ipa_cv1\debug\moveable_ball.ilk
c:\users\harmi\disk google\vut\bit\ipa\cvičení\1\ipa_cv1\moveable_ball\debug\moveable_ball.tlog\cl.command.1.tlog
c:\users\harmi\disk google\vut\bit\ipa\cvičení\1\ipa_cv1\moveable_ball\debug\moveable_ball.tlog\cl.read.1.tlog
c:\users\harmi\disk google\vut\bit\ipa\cvičení\1\ipa_cv1\moveable_ball\debug\moveable_ball.tlog\cl.write.1.tlog
c:\users\harmi\disk google\vut\bit\ipa\cvičení\1\ipa_cv1\moveable_ball\debug\moveable_ball.tlog\link.command.1.tlog
c:\users\harmi\disk google\vut\bit\ipa\cvičení\1\ipa_cv1\moveable_ball\debug\moveable_ball.tlog\link.read.1.tlog
c:\users\harmi\disk google\vut\bit\ipa\cvičení\1\ipa_cv1\moveable_ball\debug\moveable_ball.tlog\link.write.1.tlog
